{
  "stats": {
    "suites": 4,
    "tests": 11,
    "passes": 11,
    "pending": 0,
    "failures": 0,
    "start": "2023-11-03T11:43:04.710Z",
    "end": "2023-11-03T11:43:08.939Z",
    "duration": 4229,
    "testsRegistered": 11,
    "passPercent": 100,
    "pendingPercent": 0,
    "other": 0,
    "hasOther": false,
    "skipped": 0,
    "hasSkipped": false
  },
  "results": [
    {
      "uuid": "d400c993-3e89-4003-93f9-fe4e84feff4d",
      "title": "",
      "fullFile": "cypress\\e2e\\spec.cy.js",
      "file": "cypress\\e2e\\spec.cy.js",
      "beforeHooks": [],
      "afterHooks": [],
      "tests": [],
      "suites": [
        {
          "uuid": "dc3e490b-fcef-4043-9f01-7aa5bc169ec5",
          "title": "Restaurant Menu Tests Desktop view",
          "fullFile": "",
          "file": "",
          "beforeHooks": [],
          "afterHooks": [],
          "tests": [
            {
              "title": "Should render menu items correctly",
              "fullTitle": "Restaurant Menu Tests Desktop view Should render menu items correctly",
              "timedOut": null,
              "duration": 2059,
              "state": "passed",
              "speed": "fast",
              "pass": true,
              "fail": false,
              "pending": false,
              "context": null,
              "code": "cy.get('.menu-item').should('have.length.gte', 1);",
              "err": {},
              "uuid": "4ce9ef59-e9a9-4df9-a0cd-bad2a9a43c8d",
              "parentUUID": "dc3e490b-fcef-4043-9f01-7aa5bc169ec5",
              "isHook": false,
              "skipped": false
            },
            {
              "title": "Should render navbar with all navigation links and search input",
              "fullTitle": "Restaurant Menu Tests Desktop view Should render navbar with all navigation links and search input",
              "timedOut": null,
              "duration": 187,
              "state": "passed",
              "speed": "fast",
              "pass": true,
              "fail": false,
              "pending": false,
              "context": null,
              "code": "cy.get('.navbar').should('be.visible');\ncy.get('.nav-link').should('have.length.gte', 5);\ncy.get('#search-input').should('be.visible');",
              "err": {},
              "uuid": "ab650ac0-7e4b-44f0-9b5c-ea801e753f1d",
              "parentUUID": "dc3e490b-fcef-4043-9f01-7aa5bc169ec5",
              "isHook": false,
              "skipped": false
            },
            {
              "title": "Should filter menu items by category when filter buttons are clicked",
              "fullTitle": "Restaurant Menu Tests Desktop view Should filter menu items by category when filter buttons are clicked",
              "timedOut": null,
              "duration": 228,
              "state": "passed",
              "speed": "fast",
              "pass": true,
              "fail": false,
              "pending": false,
              "context": null,
              "code": "cy.get('.nav-link[data-filter=\"starters\"]').click();\ncy.get('.menu-item .card-text > .text-muted').each($el => {\n  expect($el.text()).to.include('Category: starters');\n});",
              "err": {},
              "uuid": "15276bbb-881c-4343-9ad2-df9df8460615",
              "parentUUID": "dc3e490b-fcef-4043-9f01-7aa5bc169ec5",
              "isHook": false,
              "skipped": false
            },
            {
              "title": "Should render an image within the card",
              "fullTitle": "Restaurant Menu Tests Desktop view Should render an image within the card",
              "timedOut": null,
              "duration": 139,
              "state": "passed",
              "speed": "fast",
              "pass": true,
              "fail": false,
              "pending": false,
              "context": null,
              "code": "cy.get('.menu-item .card img.card-img-top').should('be.visible');",
              "err": {},
              "uuid": "3c5b55de-054a-4a13-8611-2d239886c687",
              "parentUUID": "dc3e490b-fcef-4043-9f01-7aa5bc169ec5",
              "isHook": false,
              "skipped": false
            },
            {
              "title": "Should filter menu items based on search input",
              "fullTitle": "Restaurant Menu Tests Desktop view Should filter menu items based on search input",
              "timedOut": null,
              "duration": 351,
              "state": "passed",
              "speed": "fast",
              "pass": true,
              "fail": false,
              "pending": false,
              "context": null,
              "code": "cy.get('#search-input').type('apple');\ncy.get('.menu-item .card-title').each($el => {\n  expect($el.text().toLowerCase()).to.include('apple');\n});",
              "err": {},
              "uuid": "169e974f-d4f7-4cb0-aeee-18e711ea5bc8",
              "parentUUID": "dc3e490b-fcef-4043-9f01-7aa5bc169ec5",
              "isHook": false,
              "skipped": false
            },
            {
              "title": "Should have Bootstrap classes",
              "fullTitle": "Restaurant Menu Tests Desktop view Should have Bootstrap classes",
              "timedOut": null,
              "duration": 128,
              "state": "passed",
              "speed": "fast",
              "pass": true,
              "fail": false,
              "pending": false,
              "context": null,
              "code": "cy.get('.navbar').should('have.class', 'navbar');\ncy.get('.nav-link').should('have.class', 'nav-link');",
              "err": {},
              "uuid": "b016d89c-d97e-46b5-b571-72d9ed7979f5",
              "parentUUID": "dc3e490b-fcef-4043-9f01-7aa5bc169ec5",
              "isHook": false,
              "skipped": false
            }
          ],
          "suites": [],
          "passes": [
            "4ce9ef59-e9a9-4df9-a0cd-bad2a9a43c8d",
            "ab650ac0-7e4b-44f0-9b5c-ea801e753f1d",
            "15276bbb-881c-4343-9ad2-df9df8460615",
            "3c5b55de-054a-4a13-8611-2d239886c687",
            "169e974f-d4f7-4cb0-aeee-18e711ea5bc8",
            "b016d89c-d97e-46b5-b571-72d9ed7979f5"
          ],
          "failures": [],
          "pending": [],
          "skipped": [],
          "duration": 3092,
          "root": false,
          "rootEmpty": false,
          "_timeout": 2000
        },
        {
          "uuid": "ade59c50-eb5a-47a2-a6e5-fcbb40f23253",
          "title": "Restaurant Menu Tests medium view",
          "fullFile": "",
          "file": "",
          "beforeHooks": [],
          "afterHooks": [],
          "tests": [
            {
              "title": "Should render two menu items in a row",
              "fullTitle": "Restaurant Menu Tests medium view Should render two menu items in a row",
              "timedOut": null,
              "duration": 129,
              "state": "passed",
              "speed": "fast",
              "pass": true,
              "fail": false,
              "pending": false,
              "context": null,
              "code": "cy.get('.menu-item').then($items => {\n  expect($items).to.have.length.gte(2); // Ensure there are at least two items\n  const firstItemRect = $items[0].getBoundingClientRect();\n  const secondItemRect = $items[1].getBoundingClientRect();\n  expect(firstItemRect.top).to.eq(secondItemRect.top); // Ensure the two items are on the same row\n});",
              "err": {},
              "uuid": "4a8f4bbc-60c2-4b2f-87c2-b39d0a4156ca",
              "parentUUID": "ade59c50-eb5a-47a2-a6e5-fcbb40f23253",
              "isHook": false,
              "skipped": false
            }
          ],
          "suites": [],
          "passes": [
            "4a8f4bbc-60c2-4b2f-87c2-b39d0a4156ca"
          ],
          "failures": [],
          "pending": [],
          "skipped": [],
          "duration": 129,
          "root": false,
          "rootEmpty": false,
          "_timeout": 2000
        },
        {
          "uuid": "d2910c5a-4e61-460a-81af-74d1fbf805fc",
          "title": "Restaurant Menu Tests phone view",
          "fullFile": "",
          "file": "",
          "beforeHooks": [],
          "afterHooks": [],
          "tests": [
            {
              "title": "Should render menu items correctly",
              "fullTitle": "Restaurant Menu Tests phone view Should render menu items correctly",
              "timedOut": null,
              "duration": 130,
              "state": "passed",
              "speed": "fast",
              "pass": true,
              "fail": false,
              "pending": false,
              "context": null,
              "code": "cy.get('.menu-item').should('have.length.gte', 1);",
              "err": {},
              "uuid": "12473c5c-9ddf-4abc-8a35-2a0aade0ecbe",
              "parentUUID": "d2910c5a-4e61-460a-81af-74d1fbf805fc",
              "isHook": false,
              "skipped": false
            },
            {
              "title": "Should show navbar toggler and hide navigation links and search input by default",
              "fullTitle": "Restaurant Menu Tests phone view Should show navbar toggler and hide navigation links and search input by default",
              "timedOut": null,
              "duration": 120,
              "state": "passed",
              "speed": "fast",
              "pass": true,
              "fail": false,
              "pending": false,
              "context": null,
              "code": "cy.get('.navbar-toggler').should('be.visible');\ncy.get('.nav-link').should('not.be.visible');\ncy.get('#search-input').should('not.be.visible');",
              "err": {},
              "uuid": "d197c043-d1f2-42dc-a811-8df5aa5c190d",
              "parentUUID": "d2910c5a-4e61-460a-81af-74d1fbf805fc",
              "isHook": false,
              "skipped": false
            },
            {
              "title": "Should display navigation links and search input when navbar toggler is clicked",
              "fullTitle": "Restaurant Menu Tests phone view Should display navigation links and search input when navbar toggler is clicked",
              "timedOut": null,
              "duration": 205,
              "state": "passed",
              "speed": "fast",
              "pass": true,
              "fail": false,
              "pending": false,
              "context": null,
              "code": "cy.get('.navbar-toggler').click();\ncy.get('.nav-link').should('be.visible');\ncy.get('#search-input').should('be.visible');",
              "err": {},
              "uuid": "afb4d128-abea-4afe-8afc-06708dd805cf",
              "parentUUID": "d2910c5a-4e61-460a-81af-74d1fbf805fc",
              "isHook": false,
              "skipped": false
            }
          ],
          "suites": [],
          "passes": [
            "12473c5c-9ddf-4abc-8a35-2a0aade0ecbe",
            "d197c043-d1f2-42dc-a811-8df5aa5c190d",
            "afb4d128-abea-4afe-8afc-06708dd805cf"
          ],
          "failures": [],
          "pending": [],
          "skipped": [],
          "duration": 455,
          "root": false,
          "rootEmpty": false,
          "_timeout": 2000
        },
        {
          "uuid": "1665abd4-f84a-4729-a322-554df37b3350",
          "title": "Restaurant Menu Tests bootstrap integration",
          "fullFile": "",
          "file": "",
          "beforeHooks": [],
          "afterHooks": [],
          "tests": [
            {
              "title": "Should be using Bootstrap ",
              "fullTitle": "Restaurant Menu Tests bootstrap integration Should be using Bootstrap ",
              "timedOut": null,
              "duration": 108,
              "state": "passed",
              "speed": "fast",
              "pass": true,
              "fail": false,
              "pending": false,
              "context": null,
              "code": "// Flag to check if Bootstrap CSS is found\nlet isBootstrapFound = false;\n// Check each <link> element\ncy.get('link[rel=\"stylesheet\"]').each($el => {\n  const hrefValue = $el.attr('href');\n  if (hrefValue.match(/bootstrap.*\\.css/)) {\n    isBootstrapFound = true;\n  }\n}).then(() => {\n  // Assert that Bootstrap CSS is found\n  expect(isBootstrapFound).to.be.true;\n});",
              "err": {},
              "uuid": "8e8afbac-623c-4686-a52c-6809d46be575",
              "parentUUID": "1665abd4-f84a-4729-a322-554df37b3350",
              "isHook": false,
              "skipped": false
            }
          ],
          "suites": [],
          "passes": [
            "8e8afbac-623c-4686-a52c-6809d46be575"
          ],
          "failures": [],
          "pending": [],
          "skipped": [],
          "duration": 108,
          "root": false,
          "rootEmpty": false,
          "_timeout": 2000
        }
      ],
      "passes": [],
      "failures": [],
      "pending": [],
      "skipped": [],
      "duration": 0,
      "root": true,
      "rootEmpty": true,
      "_timeout": 2000
    }
  ],
  "meta": {
    "mocha": {
      "version": "7.0.1"
    },
    "mochawesome": {
      "options": {
        "quiet": true,
        "reportFilename": "test-results",
        "saveHtml": true,
        "saveJson": true,
        "consoleReporter": "spec",
        "useInlineDiffs": false,
        "code": true
      },
      "version": "7.1.3"
    },
    "marge": {
      "options": {
        "reportDir": "cypress/reports",
        "reportFilename": "test-results",
        "quiet": true
      },
      "version": "6.2.0"
    }
  }
}